\BOOKMARK [0][-]{chapter.1}{\376\377\173\054\0001\172\340\000\040\060\157\060\130\060\201\060\153}{}% 1
\BOOKMARK [1][-]{section.1.1}{\376\377\0001\000.\0001\000\040\125\117\230\114\060\150\200\314\146\157}{chapter.1}% 2
\BOOKMARK [1][-]{section.1.2}{\376\377\0001\000.\0002\000\040\147\054\212\326\145\207\060\156\151\313\142\020}{chapter.1}% 3
\BOOKMARK [0][-]{chapter.2}{\376\377\173\054\0002\172\340\000\040\156\226\120\231}{}% 4
\BOOKMARK [1][-]{section.2.1}{\376\377\0002\000.\0001\000\040\060\331\060\257\060\310\060\353\172\172\225\223}{chapter.2}% 5
\BOOKMARK [2][-]{subsection.2.1.1}{\376\377\0002\000.\0001\000.\0001\000\040\000R\116\012\060\156\060\331\060\257\060\310\060\353\172\172\225\223}{section.2.1}% 6
\BOOKMARK [2][-]{subsection.2.1.2}{\376\377\0002\000.\0001\000.\0002\000\040\060\316\060\353\060\340\172\172\225\223}{section.2.1}% 7
\BOOKMARK [2][-]{subsection.2.1.3}{\376\377\0002\000.\0001\000.\0003\000\040\060\316\060\353\060\340\060\156\124\014\120\044\140\047}{section.2.1}% 8
\BOOKMARK [2][-]{subsection.2.1.4}{\376\377\0002\000.\0001\000.\0004\000\040\121\205\172\115\172\172\225\223}{section.2.1}% 9
\BOOKMARK [2][-]{subsection.2.1.5}{\376\377\0002\000.\0001\000.\0005\000\040\166\364\116\244\140\047}{section.2.1}% 10
\BOOKMARK [2][-]{subsection.2.1.6}{\376\377\0002\000.\0001\000.\0006\000\040\210\114\122\027\060\316\060\353\060\340}{section.2.1}% 11
\BOOKMARK [1][-]{section.2.2}{\376\377\0002\000.\0002\000\040\000B\000a\000n\000a\000c\000h\172\172\225\223\060\150\000H\000i\000l\000b\000e\000r\000t\172\172\225\223}{chapter.2}% 12
\BOOKMARK [2][-]{subsection.2.2.1}{\376\377\0002\000.\0002\000.\0001\000\040\123\316\147\137\122\027\060\150\000C\000a\000u\000c\000h\000y\122\027}{section.2.2}% 13
\BOOKMARK [2][-]{subsection.2.2.2}{\376\377\0002\000.\0002\000.\0002\000\040\000B\000a\000n\000a\000c\000h\172\172\225\223}{section.2.2}% 14
\BOOKMARK [2][-]{subsection.2.2.3}{\376\377\0002\000.\0002\000.\0003\000\040\166\364\116\244\134\004\137\161}{section.2.2}% 15
\BOOKMARK [1][-]{section.2.3}{\376\377\0002\000.\0003\000\040\117\134\165\050\175\040\060\150\060\135\060\156\137\256\122\006}{chapter.2}% 16
\BOOKMARK [2][-]{subsection.2.3.1}{\376\377\0002\000.\0003\000.\0001\000\040\117\134\165\050\175\040}{section.2.3}% 17
\BOOKMARK [2][-]{subsection.2.3.2}{\376\377\0002\000.\0003\000.\0002\000\040\175\332\137\142\117\134\165\050\175\040}{section.2.3}% 18
\BOOKMARK [2][-]{subsection.2.3.3}{\376\377\0002\000.\0003\000.\0003\000\040\220\043\175\232\140\047\060\150\147\011\165\114\140\047}{section.2.3}% 19
\BOOKMARK [2][-]{subsection.2.3.4}{\376\377\0002\000.\0003\000.\0004\000\040\117\134\165\050\175\040\060\316\060\353\060\340}{section.2.3}% 20
\BOOKMARK [2][-]{subsection.2.3.5}{\376\377\0002\000.\0003\000.\0005\000\040\000c\000o\000m\000p\000a\000c\000t\117\134\165\050\175\040}{section.2.3}% 21
\BOOKMARK [2][-]{subsection.2.3.6}{\376\377\0002\000.\0003\000.\0006\000\040\127\313\060\201\217\274\060\177\117\134\165\050\175\040}{section.2.3}% 22
\BOOKMARK [2][-]{subsection.2.3.7}{\376\377\0002\000.\0003\000.\0007\000\040\000F\000r\000\351\000c\000h\000e\000t\137\256\122\006}{section.2.3}% 23
\BOOKMARK [1][-]{section.2.4}{\376\377\0002\000.\0004\000\040\175\332\137\142\154\116\225\242\145\160\060\150\121\161\137\171\172\172\225\223}{chapter.2}% 24
\BOOKMARK [2][-]{subsection.2.4.1}{\376\377\0002\000.\0004\000.\0001\000\040\154\116\225\242\145\160}{section.2.4}% 25
\BOOKMARK [2][-]{subsection.2.4.2}{\376\377\0002\000.\0004\000.\0002\000\040\121\161\137\171\172\172\225\223}{section.2.4}% 26
\BOOKMARK [2][-]{subsection.2.4.3}{\376\377\0002\000.\0004\000.\0003\000\040\000R\000i\000e\000s\000z\060\156\210\150\163\376\133\232\164\006}{section.2.4}% 27
\BOOKMARK [1][-]{section.2.5}{\376\377\0002\000.\0005\000\040\225\242\145\160\172\172\225\223\060\156\133\232\177\251}{chapter.2}% 28
\BOOKMARK [1][-]{section.2.6}{\376\377\0002\000.\0006\000\040\000N\000e\000w\000t\000o\000n\000-\000K\000a\000n\000t\000o\000r\000o\000v\000i\000c\000h\060\156\133\232\164\006}{chapter.2}% 29
\BOOKMARK [1][-]{section.2.7}{\376\377\0002\000.\0007\000\040\122\211\060\373\131\047\167\363\060\156\133\232\164\006}{chapter.2}% 30
\BOOKMARK [0][-]{chapter.3}{\376\377\173\054\0003\172\340\000\040\145\342\133\130\142\113\154\325}{}% 31
\BOOKMARK [0][-]{chapter.4}{\376\377\173\054\0004\172\340\000\040\143\320\150\110\142\113\154\325}{}% 32
\BOOKMARK [0][-]{chapter.5}{\376\377\173\054\0005\172\340\000\040\145\160\120\044\133\237\232\023}{}% 33
\BOOKMARK [0][-]{chapter.6}{\376\377\173\054\0006\172\340\000\040\060\112\060\217\060\212\060\153}{}% 34
\BOOKMARK [0][-]{chapter*.2}{\376\377\213\035\217\236}{}% 35
\BOOKMARK [0][-]{chapter*.3}{\376\377\123\302\200\003\145\207\163\056}{}% 36
\BOOKMARK [0][-]{chapter*.4}{\376\377\116\330\223\062}{}% 37
